Wrote graphviz input file to '/work/westgroup/lee.ting/cantera/ammonia_analysis/b027c2_added_base_folder_wi/IdealGasReactor/transient/550/flux_diagrams/0_1/0_119250/reaction_path_C_gas_beginning.dot'.
Wrote graphviz output file to '/work/westgroup/lee.ting/cantera/ammonia_analysis/b027c2_added_base_folder_wi/IdealGasReactor/transient/550/flux_diagrams/0_1/0_119250/reaction_path_C_gas_beginning.png'.
Wrote graphviz input file to '/work/westgroup/lee.ting/cantera/ammonia_analysis/b027c2_added_base_folder_wi/IdealGasReactor/transient/550/flux_diagrams/0_1/0_119250/reaction_path_H_gas_beginning.dot'.
Wrote graphviz output file to '/work/westgroup/lee.ting/cantera/ammonia_analysis/b027c2_added_base_folder_wi/IdealGasReactor/transient/550/flux_diagrams/0_1/0_119250/reaction_path_H_gas_beginning.png'.
Wrote graphviz input file to '/work/westgroup/lee.ting/cantera/ammonia_analysis/b027c2_added_base_folder_wi/IdealGasReactor/transient/550/flux_diagrams/0_1/0_119250/reaction_path_O_gas_beginning.dot'.
Wrote graphviz output file to '/work/westgroup/lee.ting/cantera/ammonia_analysis/b027c2_added_base_folder_wi/IdealGasReactor/transient/550/flux_diagrams/0_1/0_119250/reaction_path_O_gas_beginning.png'.
Wrote graphviz input file to '/work/westgroup/lee.ting/cantera/ammonia_analysis/b027c2_added_base_folder_wi/IdealGasReactor/transient/550/flux_diagrams/0_1/0_119250/reaction_path_N_gas_beginning.dot'.
Wrote graphviz output file to '/work/westgroup/lee.ting/cantera/ammonia_analysis/b027c2_added_base_folder_wi/IdealGasReactor/transient/550/flux_diagrams/0_1/0_119250/reaction_path_N_gas_beginning.png'.
Wrote graphviz input file to '/work/westgroup/lee.ting/cantera/ammonia_analysis/b027c2_added_base_folder_wi/IdealGasReactor/transient/550/flux_diagrams/0_1/0_119250/reaction_path_X_gas_beginning.dot'.
Wrote graphviz output file to '/work/westgroup/lee.ting/cantera/ammonia_analysis/b027c2_added_base_folder_wi/IdealGasReactor/transient/550/flux_diagrams/0_1/0_119250/reaction_path_X_gas_beginning.png'.
Wrote graphviz input file to '/work/westgroup/lee.ting/cantera/ammonia_analysis/b027c2_added_base_folder_wi/IdealGasReactor/transient/550/flux_diagrams/0_1/0_119250/reaction_path_C_surface1_beginning.dot'.
Wrote graphviz output file to '/work/westgroup/lee.ting/cantera/ammonia_analysis/b027c2_added_base_folder_wi/IdealGasReactor/transient/550/flux_diagrams/0_1/0_119250/reaction_path_C_surface1_beginning.png'.
Wrote graphviz input file to '/work/westgroup/lee.ting/cantera/ammonia_analysis/b027c2_added_base_folder_wi/IdealGasReactor/transient/550/flux_diagrams/0_1/0_119250/reaction_path_H_surface1_beginning.dot'.
Wrote graphviz output file to '/work/westgroup/lee.ting/cantera/ammonia_analysis/b027c2_added_base_folder_wi/IdealGasReactor/transient/550/flux_diagrams/0_1/0_119250/reaction_path_H_surface1_beginning.png'.
Wrote graphviz input file to '/work/westgroup/lee.ting/cantera/ammonia_analysis/b027c2_added_base_folder_wi/IdealGasReactor/transient/550/flux_diagrams/0_1/0_119250/reaction_path_O_surface1_beginning.dot'.
Wrote graphviz output file to '/work/westgroup/lee.ting/cantera/ammonia_analysis/b027c2_added_base_folder_wi/IdealGasReactor/transient/550/flux_diagrams/0_1/0_119250/reaction_path_O_surface1_beginning.png'.
Wrote graphviz input file to '/work/westgroup/lee.ting/cantera/ammonia_analysis/b027c2_added_base_folder_wi/IdealGasReactor/transient/550/flux_diagrams/0_1/0_119250/reaction_path_N_surface1_beginning.dot'.
Wrote graphviz output file to '/work/westgroup/lee.ting/cantera/ammonia_analysis/b027c2_added_base_folder_wi/IdealGasReactor/transient/550/flux_diagrams/0_1/0_119250/reaction_path_N_surface1_beginning.png'.
Wrote graphviz input file to '/work/westgroup/lee.ting/cantera/ammonia_analysis/b027c2_added_base_folder_wi/IdealGasReactor/transient/550/flux_diagrams/0_1/0_119250/reaction_path_X_surface1_beginning.dot'.
Wrote graphviz output file to '/work/westgroup/lee.ting/cantera/ammonia_analysis/b027c2_added_base_folder_wi/IdealGasReactor/transient/550/flux_diagrams/0_1/0_119250/reaction_path_X_surface1_beginning.png'.
Wrote graphviz input file to '/work/westgroup/lee.ting/cantera/ammonia_analysis/b027c2_added_base_folder_wi/IdealGasReactor/transient/550/flux_diagrams/0_1/0_119250/reaction_path_C_gas_end.dot'.
Wrote graphviz output file to '/work/westgroup/lee.ting/cantera/ammonia_analysis/b027c2_added_base_folder_wi/IdealGasReactor/transient/550/flux_diagrams/0_1/0_119250/reaction_path_C_gas_end.png'.
Wrote graphviz input file to '/work/westgroup/lee.ting/cantera/ammonia_analysis/b027c2_added_base_folder_wi/IdealGasReactor/transient/550/flux_diagrams/0_1/0_119250/reaction_path_H_gas_end.dot'.
Wrote graphviz output file to '/work/westgroup/lee.ting/cantera/ammonia_analysis/b027c2_added_base_folder_wi/IdealGasReactor/transient/550/flux_diagrams/0_1/0_119250/reaction_path_H_gas_end.png'.
Wrote graphviz input file to '/work/westgroup/lee.ting/cantera/ammonia_analysis/b027c2_added_base_folder_wi/IdealGasReactor/transient/550/flux_diagrams/0_1/0_119250/reaction_path_O_gas_end.dot'.
Wrote graphviz output file to '/work/westgroup/lee.ting/cantera/ammonia_analysis/b027c2_added_base_folder_wi/IdealGasReactor/transient/550/flux_diagrams/0_1/0_119250/reaction_path_O_gas_end.png'.
Wrote graphviz input file to '/work/westgroup/lee.ting/cantera/ammonia_analysis/b027c2_added_base_folder_wi/IdealGasReactor/transient/550/flux_diagrams/0_1/0_119250/reaction_path_N_gas_end.dot'.
Wrote graphviz output file to '/work/westgroup/lee.ting/cantera/ammonia_analysis/b027c2_added_base_folder_wi/IdealGasReactor/transient/550/flux_diagrams/0_1/0_119250/reaction_path_N_gas_end.png'.
Wrote graphviz input file to '/work/westgroup/lee.ting/cantera/ammonia_analysis/b027c2_added_base_folder_wi/IdealGasReactor/transient/550/flux_diagrams/0_1/0_119250/reaction_path_X_gas_end.dot'.
Wrote graphviz output file to '/work/westgroup/lee.ting/cantera/ammonia_analysis/b027c2_added_base_folder_wi/IdealGasReactor/transient/550/flux_diagrams/0_1/0_119250/reaction_path_X_gas_end.png'.
Wrote graphviz input file to '/work/westgroup/lee.ting/cantera/ammonia_analysis/b027c2_added_base_folder_wi/IdealGasReactor/transient/550/flux_diagrams/0_1/0_119250/reaction_path_C_surface1_end.dot'.
Wrote graphviz output file to '/work/westgroup/lee.ting/cantera/ammonia_analysis/b027c2_added_base_folder_wi/IdealGasReactor/transient/550/flux_diagrams/0_1/0_119250/reaction_path_C_surface1_end.png'.
Wrote graphviz input file to '/work/westgroup/lee.ting/cantera/ammonia_analysis/b027c2_added_base_folder_wi/IdealGasReactor/transient/550/flux_diagrams/0_1/0_119250/reaction_path_H_surface1_end.dot'.
Wrote graphviz output file to '/work/westgroup/lee.ting/cantera/ammonia_analysis/b027c2_added_base_folder_wi/IdealGasReactor/transient/550/flux_diagrams/0_1/0_119250/reaction_path_H_surface1_end.png'.
Wrote graphviz input file to '/work/westgroup/lee.ting/cantera/ammonia_analysis/b027c2_added_base_folder_wi/IdealGasReactor/transient/550/flux_diagrams/0_1/0_119250/reaction_path_O_surface1_end.dot'.
Wrote graphviz output file to '/work/westgroup/lee.ting/cantera/ammonia_analysis/b027c2_added_base_folder_wi/IdealGasReactor/transient/550/flux_diagrams/0_1/0_119250/reaction_path_O_surface1_end.png'.
Wrote graphviz input file to '/work/westgroup/lee.ting/cantera/ammonia_analysis/b027c2_added_base_folder_wi/IdealGasReactor/transient/550/flux_diagrams/0_1/0_119250/reaction_path_N_surface1_end.dot'.
Wrote graphviz output file to '/work/westgroup/lee.ting/cantera/ammonia_analysis/b027c2_added_base_folder_wi/IdealGasReactor/transient/550/flux_diagrams/0_1/0_119250/reaction_path_N_surface1_end.png'.
Wrote graphviz input file to '/work/westgroup/lee.ting/cantera/ammonia_analysis/b027c2_added_base_folder_wi/IdealGasReactor/transient/550/flux_diagrams/0_1/0_119250/reaction_path_X_surface1_end.dot'.
Wrote graphviz output file to '/work/westgroup/lee.ting/cantera/ammonia_analysis/b027c2_added_base_folder_wi/IdealGasReactor/transient/550/flux_diagrams/0_1/0_119250/reaction_path_X_surface1_end.png'.
Wrote graphviz input file to '/work/westgroup/lee.ting/cantera/ammonia_analysis/b027c2_added_base_folder_wi/IdealGasReactor/steady_state/550/flux_diagrams/0_1/0_119250/reaction_path_C_gas_end.dot'.
Wrote graphviz output file to '/work/westgroup/lee.ting/cantera/ammonia_analysis/b027c2_added_base_folder_wi/IdealGasReactor/steady_state/550/flux_diagrams/0_1/0_119250/reaction_path_C_gas_end.png'.
Wrote graphviz input file to '/work/westgroup/lee.ting/cantera/ammonia_analysis/b027c2_added_base_folder_wi/IdealGasReactor/steady_state/550/flux_diagrams/0_1/0_119250/reaction_path_H_gas_end.dot'.
Wrote graphviz output file to '/work/westgroup/lee.ting/cantera/ammonia_analysis/b027c2_added_base_folder_wi/IdealGasReactor/steady_state/550/flux_diagrams/0_1/0_119250/reaction_path_H_gas_end.png'.
Wrote graphviz input file to '/work/westgroup/lee.ting/cantera/ammonia_analysis/b027c2_added_base_folder_wi/IdealGasReactor/steady_state/550/flux_diagrams/0_1/0_119250/reaction_path_O_gas_end.dot'.
Wrote graphviz output file to '/work/westgroup/lee.ting/cantera/ammonia_analysis/b027c2_added_base_folder_wi/IdealGasReactor/steady_state/550/flux_diagrams/0_1/0_119250/reaction_path_O_gas_end.png'.
Wrote graphviz input file to '/work/westgroup/lee.ting/cantera/ammonia_analysis/b027c2_added_base_folder_wi/IdealGasReactor/steady_state/550/flux_diagrams/0_1/0_119250/reaction_path_N_gas_end.dot'.
Wrote graphviz output file to '/work/westgroup/lee.ting/cantera/ammonia_analysis/b027c2_added_base_folder_wi/IdealGasReactor/steady_state/550/flux_diagrams/0_1/0_119250/reaction_path_N_gas_end.png'.
Wrote graphviz input file to '/work/westgroup/lee.ting/cantera/ammonia_analysis/b027c2_added_base_folder_wi/IdealGasReactor/steady_state/550/flux_diagrams/0_1/0_119250/reaction_path_X_gas_end.dot'.
Wrote graphviz output file to '/work/westgroup/lee.ting/cantera/ammonia_analysis/b027c2_added_base_folder_wi/IdealGasReactor/steady_state/550/flux_diagrams/0_1/0_119250/reaction_path_X_gas_end.png'.
Wrote graphviz input file to '/work/westgroup/lee.ting/cantera/ammonia_analysis/b027c2_added_base_folder_wi/IdealGasReactor/steady_state/550/flux_diagrams/0_1/0_119250/reaction_path_C_surface1_end.dot'.
Wrote graphviz output file to '/work/westgroup/lee.ting/cantera/ammonia_analysis/b027c2_added_base_folder_wi/IdealGasReactor/steady_state/550/flux_diagrams/0_1/0_119250/reaction_path_C_surface1_end.png'.
Wrote graphviz input file to '/work/westgroup/lee.ting/cantera/ammonia_analysis/b027c2_added_base_folder_wi/IdealGasReactor/steady_state/550/flux_diagrams/0_1/0_119250/reaction_path_H_surface1_end.dot'.
Wrote graphviz output file to '/work/westgroup/lee.ting/cantera/ammonia_analysis/b027c2_added_base_folder_wi/IdealGasReactor/steady_state/550/flux_diagrams/0_1/0_119250/reaction_path_H_surface1_end.png'.
Wrote graphviz input file to '/work/westgroup/lee.ting/cantera/ammonia_analysis/b027c2_added_base_folder_wi/IdealGasReactor/steady_state/550/flux_diagrams/0_1/0_119250/reaction_path_O_surface1_end.dot'.
Wrote graphviz output file to '/work/westgroup/lee.ting/cantera/ammonia_analysis/b027c2_added_base_folder_wi/IdealGasReactor/steady_state/550/flux_diagrams/0_1/0_119250/reaction_path_O_surface1_end.png'.
Wrote graphviz input file to '/work/westgroup/lee.ting/cantera/ammonia_analysis/b027c2_added_base_folder_wi/IdealGasReactor/steady_state/550/flux_diagrams/0_1/0_119250/reaction_path_N_surface1_end.dot'.
Wrote graphviz output file to '/work/westgroup/lee.ting/cantera/ammonia_analysis/b027c2_added_base_folder_wi/IdealGasReactor/steady_state/550/flux_diagrams/0_1/0_119250/reaction_path_N_surface1_end.png'.
Wrote graphviz input file to '/work/westgroup/lee.ting/cantera/ammonia_analysis/b027c2_added_base_folder_wi/IdealGasReactor/steady_state/550/flux_diagrams/0_1/0_119250/reaction_path_X_surface1_end.dot'.
Wrote graphviz output file to '/work/westgroup/lee.ting/cantera/ammonia_analysis/b027c2_added_base_folder_wi/IdealGasReactor/steady_state/550/flux_diagrams/0_1/0_119250/reaction_path_X_surface1_end.png'.
